<component name="libraryTable">
  <library name="junit-4.12">
    <CLASSES>
      <root url="jar://$PROJECT_DIR$/ext/lib/junit4.12/junit-4.12.jar!/" />
    </CLASSES>
    <JAVADOC>
      <root url="jar://$PROJECT_DIR$/ext/lib/junit4.12/junit-4.12-javadoc.jar!/" />
    </JAVADOC>
    <SOURCES>
      <root url="jar://$PROJECT_DIR$/ext/lib/junit4.12/junit-4.12-sources.jar!/" />
    </SOURCES>
  </library>
</component>